<?xml version="1.0" encoding="UTF-8"?>
<!-- Generated by org.testng.reporters.JUnitReportReporter -->
<testsuite hostname="DESKTOP-E1ISR78" failures="0" tests="2" name="RunnerClass.GuruRunnerClass" time="7.741" errors="0" timestamp="2025-01-24T13:19:21 IST" skipped="0">
  <testcase classname="RunnerClass.GuruRunnerClass" name="runScenario" time="5.797"/>
  <system-out/>
  <testcase classname="RunnerClass.GuruRunnerClass" name="runScenario" time="1.944"/>
  <system-out/>
</testsuite> <!-- RunnerClass.GuruRunnerClass -->
