<?xml version="1.0" encoding="UTF-8"?>
<!-- Generated by org.testng.reporters.JUnitReportReporter -->
<testsuite hostname="God-Mode" failures="0" tests="4" name="RunnerClass.GuruRunnerClass" time="11.363" errors="0" timestamp="2025-01-24T14:04:15 IST" skipped="0">
  <testcase classname="RunnerClass.GuruRunnerClass" name="runScenario" time="1.411"/>
  <system-out/>
  <testcase classname="RunnerClass.GuruRunnerClass" name="runScenario" time="0.295"/>
  <system-out/>
  <testcase classname="RunnerClass.GuruRunnerClass" name="runScenario" time="8.972"/>
  <system-out/>
  <testcase classname="RunnerClass.GuruRunnerClass" name="runScenario" time="0.685"/>
  <system-out/>
</testsuite> <!-- RunnerClass.GuruRunnerClass -->
