<?xml version="1.0" encoding="UTF-8"?>
<!-- Generated by org.testng.reporters.JUnitReportReporter -->
<testsuite hostname="God-Mode" failures="0" tests="5" name="RunnerClass.GuruRunnerClass" time="18.283" errors="0" timestamp="2025-01-24T14:40:22 IST" skipped="0">
  <testcase classname="RunnerClass.GuruRunnerClass" name="runScenario" time="0.959"/>
  <system-out/>
  <testcase classname="RunnerClass.GuruRunnerClass" name="runScenario" time="1.678"/>
  <system-out/>
  <testcase classname="RunnerClass.GuruRunnerClass" name="runScenario" time="2.766"/>
  <system-out/>
  <testcase classname="RunnerClass.GuruRunnerClass" name="runScenario" time="2.905"/>
  <system-out/>
  <testcase classname="RunnerClass.GuruRunnerClass" name="runScenario" time="9.975"/>
  <system-out/>
</testsuite> <!-- RunnerClass.GuruRunnerClass -->
