<?xml version="1.0" encoding="UTF-8"?>
<!-- Generated by org.testng.reporters.JUnitReportReporter -->
<testsuite hostname="God-Mode" failures="0" tests="1" name="RunnerClass.GuruRunnerClass" time="11.994" errors="0" timestamp="2025-01-24T12:54:20 IST" skipped="0">
  <testcase classname="RunnerClass.GuruRunnerClass" name="runScenario" time="11.994"/>
  <system-out/>
</testsuite> <!-- RunnerClass.GuruRunnerClass -->
