<?xml version="1.0" encoding="UTF-8"?>
<!-- Generated by org.testng.reporters.JUnitReportReporter -->
<testsuite hostname="God-Mode" failures="0" tests="3" name="RunnerClass.GuruRunnerClass" time="12.740" errors="0" timestamp="2025-01-24T13:34:58 IST" skipped="0">
  <testcase classname="RunnerClass.GuruRunnerClass" name="runScenario" time="1.017"/>
  <system-out/>
  <testcase classname="RunnerClass.GuruRunnerClass" name="runScenario" time="9.352"/>
  <system-out/>
  <testcase classname="RunnerClass.GuruRunnerClass" name="runScenario" time="2.371"/>
  <system-out/>
</testsuite> <!-- RunnerClass.GuruRunnerClass -->
